This is TeX, Version 3.141592 (MiKTeX 2.4) (preloaded format=plain 2005.4.3)  3 APR 2005 21:54
**sample.texinfo
(sample.texinfo (C:\texmf\tex\texinfo\base\texinfo.tex
Loading texinfo [version 2004-11-25.16]: Basics,
\bindingoffset=\dimen16
\normaloffset=\dimen17
\pagewidth=\dimen18
\pageheight=\dimen19
\outerhsize=\dimen20
\outervsize=\dimen21
\cornerlong=\dimen22
\cornerthick=\dimen23
\topandbottommargin=\dimen24
\headlinebox=\box16
\footlinebox=\box17
\margin=\insert252
\EMsimple=\toks12
\groupbox=\box18
\groupinvalidhelp=\toks13
\mil=\dimen25
\exdentamount=\skip18
\inmarginspacing=\skip19
 pdf,
\tempnum=\count26
\lnkcount=\count27
\filename=\toks14
\filenamelength=\count28
\pgn=\count29
\toksA=\toks15
\toksB=\toks16
\toksC=\toks17
\toksD=\toks18
\boxA=\box19
\countA=\count30
 fonts,
\sffam=\fam8
\textleading=\dimen26
\fontdepth=\count31
 page headings,
\titlepagetopglue=\skip20
\titlepagebottomglue=\skip21
\evenheadline=\toks19
\oddheadline=\toks20
\evenfootline=\toks21
\oddfootline=\toks22

tables,
\tableindent=\dimen27
\itemindent=\dimen28
\itemmargin=\dimen29
\itemmax=\dimen30
\itemno=\count32
\multitableparskip=\skip22
\multitableparindent=\skip23
\multitablecolspace=\dimen31
\multitablelinespace=\skip24
\colcount=\count33
\everytab=\toks23
 conditionals,
\doignorecount=\count34
 indexing,
\secondaryindent=\skip25
\partialpage=\box20
\doublecolumnhsize=\dimen32
 sectioning,
\unnumberedno=\count35
\chapno=\count36
\secno=\count37
\subsecno=\count38
\subsubsecno=\count39
\appendixno=\count40
\absseclevel=\count41
\secbase=\count42
\chapheadingskip=\skip26
\secheadingskip=\skip27
\subsecheadingskip=\skip28
 toc,
\tocfile=\write0
\contentsrightmargin=\skip29
\savepageno=\count43
\lastnegativepageno=\count44
\tocindent=\dimen33
 environments,
\errorbox=\box21
\lispnarrowing=\skip30
\envskipamount=\skip31
\circthick=\dimen34
\cartouter=\dimen35
\cartinner=\dimen36
\normbskip=\skip32
\normpskip=\skip33
\normlskip=\skip34
\lskip=\skip35
\rskip=\skip36
\tabw=\dimen37
 defuns,
\defbodyindent=\skip37
\defargsindent=\skip38
\deflastargmargin=\skip39
\parencount=\count45
\brackcount=\count46
 macros,
\macscribble=\write1
\paramno=\count47
\macname=\toks24

cross references,
\auxfile=\write2
\savesfregister=\count48
 insertions,
\footnoteno=\count49
\SAVEfootins=\box22
\SAVEmargin=\box23
 (C:\texmf\tex\generic\dvips\epsf.tex
\epsffilein=\read0
\epsfframemargin=\dimen38
\epsfframethickness=\dimen39
\epsfrsize=\dimen40
\epsftmp=\dimen41
\epsftsize=\dimen42
\epsfxsize=\dimen43
\epsfysize=\dimen44
\pspoints=\dimen45
\epsfnoopenhelp=\toks25
)
\noepsfhelp=\toks26

localization,
\nolanghelp=\toks27
\defaultparindent=\dimen46
 and turning on texinfo input format.) (sample.aux)
@cpindfile=@write3
@fnindfile=@write4
@vrindfile=@write5
@tpindfile=@write6
@kyindfile=@write7
@pgindfile=@write8
 [1]
(sample.tmp) [2] (sample.toc) [-1] Chapter 1 (Index) [1] (sample.cps) [2] ) 
Here is how much of TeX's memory you used:
 1464 strings out of 98281
 15407 string characters out of 1222566
 28468 words of memory out of 1071151
 2281 multiletter control sequences out of 35000
 32127 words of font info for 112 fonts, out of 500000 for 1000
 51 hyphenation exceptions out of 607
 12i,6n,12p,238b,409s stack positions out of 1500i,500n,5000p,200000b,32768s

Output written on sample.dvi (5 pages, 2588 bytes).
