

Processing SayController#index (for 127.0.0.1 at 2006-07-25 10:31:36) [GET]
  Session ID: 0e2833e7fd7dffdc9aff86ad24e990a4
  Parameters: {"action"=>"index", "controller"=>"say"}


ActionController::UnknownAction (No action responded to index):
    c:/ruby/lib/ruby/gems/1.8/gems/actionpack-1.12.3/lib/action_controller/filters.rb:368:in `perform_action_without_benchmark'
    c:/ruby/lib/ruby/gems/1.8/gems/actionpack-1.12.3/lib/action_controller/benchmarking.rb:69:in `perform_action_without_rescue'
    c:/ruby/lib/ruby/1.8/benchmark.rb:293:in `measure'
    c:/ruby/lib/ruby/gems/1.8/gems/actionpack-1.12.3/lib/action_controller/benchmarking.rb:69:in `perform_action_without_rescue'
    c:/ruby/lib/ruby/gems/1.8/gems/actionpack-1.12.3/lib/action_controller/rescue.rb:82:in `perform_action'
    c:/ruby/lib/ruby/gems/1.8/gems/actionpack-1.12.3/lib/action_controller/base.rb:381:in `process_without_filters'
    c:/ruby/lib/ruby/gems/1.8/gems/actionpack-1.12.3/lib/action_controller/filters.rb:377:in `process_without_session_management_support'
    c:/ruby/lib/ruby/gems/1.8/gems/actionpack-1.12.3/lib/action_controller/session_management.rb:117:in `process'
    c:/ruby/lib/ruby/gems/1.8/gems/rails-1.1.4/lib/dispatcher.rb:38:in `dispatch'
    c:/ruby/lib/ruby/gems/1.8/gems/rails-1.1.4/lib/webrick_server.rb:115:in `handle_dispatch'
    c:/ruby/lib/ruby/gems/1.8/gems/rails-1.1.4/lib/webrick_server.rb:81:in `service'
    c:/ruby/lib/ruby/1.8/webrick/httpserver.rb:104:in `service'
    c:/ruby/lib/ruby/1.8/webrick/httpserver.rb:65:in `run'
    c:/ruby/lib/ruby/1.8/webrick/server.rb:173:in `start_thread'
    c:/ruby/lib/ruby/1.8/webrick/server.rb:162:in `start_thread'
    c:/ruby/lib/ruby/1.8/webrick/server.rb:95:in `start'
    c:/ruby/lib/ruby/1.8/webrick/server.rb:92:in `start'
    c:/ruby/lib/ruby/1.8/webrick/server.rb:23:in `start'
    c:/ruby/lib/ruby/1.8/webrick/server.rb:82:in `start'
    c:/ruby/lib/ruby/gems/1.8/gems/rails-1.1.4/lib/webrick_server.rb:67:in `dispatch'
    c:/ruby/lib/ruby/gems/1.8/gems/rails-1.1.4/lib/commands/servers/webrick.rb:59
    c:/ruby/lib/ruby/site_ruby/1.8/rubygems/custom_require.rb:27:in `require'
    c:/ruby/lib/ruby/gems/1.8/gems/activesupport-1.3.1/lib/active_support/dependencies.rb:147:in `require'
    c:/ruby/lib/ruby/gems/1.8/gems/rails-1.1.4/lib/commands/server.rb:30
    c:/ruby/lib/ruby/site_ruby/1.8/rubygems/custom_require.rb:27:in `require'
    c:/ruby/lib/ruby/gems/1.8/gems/activesupport-1.3.1/lib/active_support/dependencies.rb:147:in `require'
    script/server:3


Rendering c:/ruby/lib/ruby/gems/1.8/gems/actionpack-1.12.3/lib/action_controller/templates/rescues/layout.rhtml (404 Page Not Found)


Processing Base#index (for 127.0.0.1 at 2006-07-25 10:31:52) [GET]
  Session ID: 0e2833e7fd7dffdc9aff86ad24e990a4
  Parameters: {}


ActionController::RoutingError (Recognition failed for "/demo"):
    c:/ruby/lib/ruby/gems/1.8/gems/actionpack-1.12.3/lib/action_controller/routing.rb:521:in `recognition_failed'
    c:/ruby/lib/ruby/gems/1.8/gems/actionpack-1.12.3/lib/action_controller/routing.rb:511:in `recognize!'
    c:/ruby/lib/ruby/gems/1.8/gems/rails-1.1.4/lib/dispatcher.rb:38:in `dispatch'
    c:/ruby/lib/ruby/gems/1.8/gems/rails-1.1.4/lib/webrick_server.rb:115:in `handle_dispatch'
    c:/ruby/lib/ruby/gems/1.8/gems/rails-1.1.4/lib/webrick_server.rb:81:in `service'
    c:/ruby/lib/ruby/1.8/webrick/httpserver.rb:104:in `service'
    c:/ruby/lib/ruby/1.8/webrick/httpserver.rb:65:in `run'
    c:/ruby/lib/ruby/1.8/webrick/server.rb:173:in `start_thread'
    c:/ruby/lib/ruby/1.8/webrick/server.rb:162:in `start_thread'
    c:/ruby/lib/ruby/1.8/webrick/server.rb:95:in `start'
    c:/ruby/lib/ruby/1.8/webrick/server.rb:92:in `start'
    c:/ruby/lib/ruby/1.8/webrick/server.rb:23:in `start'
    c:/ruby/lib/ruby/1.8/webrick/server.rb:82:in `start'
    c:/ruby/lib/ruby/gems/1.8/gems/rails-1.1.4/lib/webrick_server.rb:67:in `dispatch'
    c:/ruby/lib/ruby/gems/1.8/gems/rails-1.1.4/lib/commands/servers/webrick.rb:59
    c:/ruby/lib/ruby/site_ruby/1.8/rubygems/custom_require.rb:27:in `require'
    c:/ruby/lib/ruby/gems/1.8/gems/activesupport-1.3.1/lib/active_support/dependencies.rb:147:in `require'
    c:/ruby/lib/ruby/gems/1.8/gems/rails-1.1.4/lib/commands/server.rb:30
    c:/ruby/lib/ruby/site_ruby/1.8/rubygems/custom_require.rb:27:in `require'
    c:/ruby/lib/ruby/gems/1.8/gems/activesupport-1.3.1/lib/active_support/dependencies.rb:147:in `require'
    script/server:3


Rendering c:/ruby/lib/ruby/gems/1.8/gems/actionpack-1.12.3/lib/action_controller/templates/rescues/layout.rhtml (404 Page Not Found)


Processing Base#index (for 127.0.0.1 at 2006-07-25 10:31:58) [GET]
  Session ID: 0e2833e7fd7dffdc9aff86ad24e990a4
  Parameters: {}


ActionController::RoutingError (Recognition failed for "/demo/say"):
    c:/ruby/lib/ruby/gems/1.8/gems/actionpack-1.12.3/lib/action_controller/routing.rb:521:in `recognition_failed'
    c:/ruby/lib/ruby/gems/1.8/gems/actionpack-1.12.3/lib/action_controller/routing.rb:511:in `recognize!'
    c:/ruby/lib/ruby/gems/1.8/gems/rails-1.1.4/lib/dispatcher.rb:38:in `dispatch'
    c:/ruby/lib/ruby/gems/1.8/gems/rails-1.1.4/lib/webrick_server.rb:115:in `handle_dispatch'
    c:/ruby/lib/ruby/gems/1.8/gems/rails-1.1.4/lib/webrick_server.rb:81:in `service'
    c:/ruby/lib/ruby/1.8/webrick/httpserver.rb:104:in `service'
    c:/ruby/lib/ruby/1.8/webrick/httpserver.rb:65:in `run'
    c:/ruby/lib/ruby/1.8/webrick/server.rb:173:in `start_thread'
    c:/ruby/lib/ruby/1.8/webrick/server.rb:162:in `start_thread'
    c:/ruby/lib/ruby/1.8/webrick/server.rb:95:in `start'
    c:/ruby/lib/ruby/1.8/webrick/server.rb:92:in `start'
    c:/ruby/lib/ruby/1.8/webrick/server.rb:23:in `start'
    c:/ruby/lib/ruby/1.8/webrick/server.rb:82:in `start'
    c:/ruby/lib/ruby/gems/1.8/gems/rails-1.1.4/lib/webrick_server.rb:67:in `dispatch'
    c:/ruby/lib/ruby/gems/1.8/gems/rails-1.1.4/lib/commands/servers/webrick.rb:59
    c:/ruby/lib/ruby/site_ruby/1.8/rubygems/custom_require.rb:27:in `require'
    c:/ruby/lib/ruby/gems/1.8/gems/activesupport-1.3.1/lib/active_support/dependencies.rb:147:in `require'
    c:/ruby/lib/ruby/gems/1.8/gems/rails-1.1.4/lib/commands/server.rb:30
    c:/ruby/lib/ruby/site_ruby/1.8/rubygems/custom_require.rb:27:in `require'
    c:/ruby/lib/ruby/gems/1.8/gems/activesupport-1.3.1/lib/active_support/dependencies.rb:147:in `require'
    script/server:3


Rendering c:/ruby/lib/ruby/gems/1.8/gems/actionpack-1.12.3/lib/action_controller/templates/rescues/layout.rhtml (404 Page Not Found)


Processing SayController#hello (for 127.0.0.1 at 2006-07-25 10:33:35) [GET]
  Session ID: 0e2833e7fd7dffdc9aff86ad24e990a4
  Parameters: {"action"=>"hello", "controller"=>"say"}


ActionController::MissingTemplate (Missing template ./script/../config/../app/views/say/hello.rhtml):
    c:/ruby/lib/ruby/gems/1.8/gems/actionpack-1.12.3/lib/action_controller/base.rb:1003:in `assert_existence_of_template_file'
    c:/ruby/lib/ruby/gems/1.8/gems/actionpack-1.12.3/lib/action_controller/base.rb:697:in `render_file'
    c:/ruby/lib/ruby/gems/1.8/gems/actionpack-1.12.3/lib/action_controller/base.rb:621:in `render_with_no_layout'
    c:/ruby/lib/ruby/gems/1.8/gems/actionpack-1.12.3/lib/action_controller/layout.rb:251:in `render_without_benchmark'
    c:/ruby/lib/ruby/gems/1.8/gems/actionpack-1.12.3/lib/action_controller/benchmarking.rb:53:in `render'
    c:/ruby/lib/ruby/1.8/benchmark.rb:293:in `measure'
    c:/ruby/lib/ruby/gems/1.8/gems/actionpack-1.12.3/lib/action_controller/benchmarking.rb:53:in `render'
    c:/ruby/lib/ruby/gems/1.8/gems/actionpack-1.12.3/lib/action_controller/base.rb:911:in `perform_action_without_filters'
    c:/ruby/lib/ruby/gems/1.8/gems/actionpack-1.12.3/lib/action_controller/filters.rb:368:in `perform_action_without_benchmark'
    c:/ruby/lib/ruby/gems/1.8/gems/actionpack-1.12.3/lib/action_controller/benchmarking.rb:69:in `perform_action_without_rescue'
    c:/ruby/lib/ruby/1.8/benchmark.rb:293:in `measure'
    c:/ruby/lib/ruby/gems/1.8/gems/actionpack-1.12.3/lib/action_controller/benchmarking.rb:69:in `perform_action_without_rescue'
    c:/ruby/lib/ruby/gems/1.8/gems/actionpack-1.12.3/lib/action_controller/rescue.rb:82:in `perform_action'
    c:/ruby/lib/ruby/gems/1.8/gems/actionpack-1.12.3/lib/action_controller/base.rb:381:in `process_without_filters'
    c:/ruby/lib/ruby/gems/1.8/gems/actionpack-1.12.3/lib/action_controller/filters.rb:377:in `process_without_session_management_support'
    c:/ruby/lib/ruby/gems/1.8/gems/actionpack-1.12.3/lib/action_controller/session_management.rb:117:in `process'
    c:/ruby/lib/ruby/gems/1.8/gems/rails-1.1.4/lib/dispatcher.rb:38:in `dispatch'
    c:/ruby/lib/ruby/gems/1.8/gems/rails-1.1.4/lib/webrick_server.rb:115:in `handle_dispatch'
    c:/ruby/lib/ruby/gems/1.8/gems/rails-1.1.4/lib/webrick_server.rb:81:in `service'
    c:/ruby/lib/ruby/1.8/webrick/httpserver.rb:104:in `service'
    c:/ruby/lib/ruby/1.8/webrick/httpserver.rb:65:in `run'
    c:/ruby/lib/ruby/1.8/webrick/server.rb:173:in `start_thread'
    c:/ruby/lib/ruby/1.8/webrick/server.rb:162:in `start_thread'
    c:/ruby/lib/ruby/1.8/webrick/server.rb:95:in `start'
    c:/ruby/lib/ruby/1.8/webrick/server.rb:92:in `start'
    c:/ruby/lib/ruby/1.8/webrick/server.rb:23:in `start'
    c:/ruby/lib/ruby/1.8/webrick/server.rb:82:in `start'
    c:/ruby/lib/ruby/gems/1.8/gems/rails-1.1.4/lib/webrick_server.rb:67:in `dispatch'
    c:/ruby/lib/ruby/gems/1.8/gems/rails-1.1.4/lib/commands/servers/webrick.rb:59
    c:/ruby/lib/ruby/site_ruby/1.8/rubygems/custom_require.rb:27:in `require'
    c:/ruby/lib/ruby/gems/1.8/gems/activesupport-1.3.1/lib/active_support/dependencies.rb:147:in `require'
    c:/ruby/lib/ruby/gems/1.8/gems/rails-1.1.4/lib/commands/server.rb:30
    c:/ruby/lib/ruby/site_ruby/1.8/rubygems/custom_require.rb:27:in `require'
    c:/ruby/lib/ruby/gems/1.8/gems/activesupport-1.3.1/lib/active_support/dependencies.rb:147:in `require'
    script/server:3


Rendering c:/ruby/lib/ruby/gems/1.8/gems/actionpack-1.12.3/lib/action_controller/templates/rescues/layout.rhtml (500 Internal Error)


Processing SayController#hello (for 127.0.0.1 at 2006-07-25 10:34:46) [GET]
  Session ID: 0e2833e7fd7dffdc9aff86ad24e990a4
  Parameters: {"action"=>"hello", "controller"=>"say"}
Rendering say/hello
Completed in 0.00010 (10000 reqs/sec) | Rendering: 0.00000 (0%) | 200 OK [http://localhost/say/hello]


Processing SayController#hello (for 127.0.0.1 at 2006-07-25 10:40:59) [GET]
  Session ID: 0e2833e7fd7dffdc9aff86ad24e990a4
  Parameters: {"action"=>"hello", "controller"=>"say"}
Rendering say/hello
Completed in 0.01000 (100 reqs/sec) | Rendering: 0.01000 (100%) | 200 OK [http://localhost/say/hello]


Processing SayController#hello (for 127.0.0.1 at 2006-07-25 10:42:35) [GET]
  Session ID: 0e2833e7fd7dffdc9aff86ad24e990a4
  Parameters: {"action"=>"hello", "controller"=>"say"}
Rendering say/hello
Completed in 0.00010 (10000 reqs/sec) | Rendering: 0.00000 (0%) | 200 OK [http://localhost/say/hello]


Processing SayController#hello (for 127.0.0.1 at 2006-07-25 10:43:16) [GET]
  Session ID: 0e2833e7fd7dffdc9aff86ad24e990a4
  Parameters: {"action"=>"hello", "controller"=>"say"}
Rendering say/hello
Completed in 0.01000 (100 reqs/sec) | Rendering: 0.01000 (100%) | 200 OK [http://localhost/say/hello]


Processing SayController#hello (for 127.0.0.1 at 2006-07-25 10:43:48) [GET]
  Session ID: 0e2833e7fd7dffdc9aff86ad24e990a4
  Parameters: {"action"=>"hello", "controller"=>"say"}
Rendering say/hello
ERROR: compiling _run_rhtml_say_hello RAISED compile error
./script/../config/../app/views/say/hello.rhtml:15: syntax error
_erbout.concat "\t\tIt is now "; _erbout.concat(( @time ).to_s); _erbout.concat "\n"
                ^
Function body: def _run_rhtml_say_hello(local_assigns)
_erbout = ''; _erbout.concat "<html>\n"
_erbout.concat "\t<head>\n"
_erbout.concat "\t\t<title>Hello, Rails!</title>\n"
_erbout.concat "\t</head>\n"
_erbout.concat "\t<body>\n"
_erbout.concat "\t\t<h1>Hello from Rails!</h1>\n"
_erbout.concat "\n"
_erbout.concat "\t\t<p>\n"
_erbout.concat "\t\t<!-- Escaping special characters with h method -->\n"
_erbout.concat "\t\tEmail: "; _erbout.concat(( h("Ann & Bill <frazers@isp.email>") ).to_s); _erbout.concat "\n"
_erbout.concat "\t\t</p>\n"
_erbout.concat "\n"
_erbout.concat "\t\t<p>\n"
- -
_erbout.concat "\t\tIt is now "; _erbout.concat(( @time ).to_s); _erbout.concat "\n"
_erbout.concat "\t\t</p>\n"
_erbout.concat "\t</body>\n"
_erbout.concat "</html>"; _erbout
end
Backtrace: ./script/../config/../app/views/say/hello.rhtml:19:in `compile_template'
c:/ruby/lib/ruby/gems/1.8/gems/actionpack-1.12.3/lib/action_view/base.rb:305:in `compile_and_render_template'
c:/ruby/lib/ruby/gems/1.8/gems/actionpack-1.12.3/lib/action_view/base.rb:290:in `render_template'
c:/ruby/lib/ruby/gems/1.8/gems/actionpack-1.12.3/lib/action_view/base.rb:249:in `render_file'
c:/ruby/lib/ruby/gems/1.8/gems/actionpack-1.12.3/lib/action_controller/base.rb:699:in `render_file'
c:/ruby/lib/ruby/gems/1.8/gems/actionpack-1.12.3/lib/action_controller/base.rb:621:in `render_with_no_layout'
c:/ruby/lib/ruby/gems/1.8/gems/actionpack-1.12.3/lib/action_controller/layout.rb:251:in `render_without_benchmark'
c:/ruby/lib/ruby/gems/1.8/gems/actionpack-1.12.3/lib/action_controller/benchmarking.rb:53:in `render'
c:/ruby/lib/ruby/1.8/benchmark.rb:293:in `measure'
c:/ruby/lib/ruby/gems/1.8/gems/actionpack-1.12.3/lib/action_controller/benchmarking.rb:53:in `render'
c:/ruby/lib/ruby/gems/1.8/gems/actionpack-1.12.3/lib/action_controller/base.rb:911:in `perform_action_without_filters'
c:/ruby/lib/ruby/gems/1.8/gems/actionpack-1.12.3/lib/action_controller/filters.rb:368:in `perform_action_without_benchmark'
c:/ruby/lib/ruby/gems/1.8/gems/actionpack-1.12.3/lib/action_controller/benchmarking.rb:69:in `perform_action_without_rescue'
c:/ruby/lib/ruby/1.8/benchmark.rb:293:in `measure'
c:/ruby/lib/ruby/gems/1.8/gems/actionpack-1.12.3/lib/action_controller/benchmarking.rb:69:in `perform_action_without_rescue'
c:/ruby/lib/ruby/gems/1.8/gems/actionpack-1.12.3/lib/action_controller/rescue.rb:82:in `perform_action'
c:/ruby/lib/ruby/gems/1.8/gems/actionpack-1.12.3/lib/action_controller/base.rb:381:in `process_without_filters'
c:/ruby/lib/ruby/gems/1.8/gems/actionpack-1.12.3/lib/action_controller/filters.rb:377:in `process_without_session_management_support'
c:/ruby/lib/ruby/gems/1.8/gems/actionpack-1.12.3/lib/action_controller/session_management.rb:117:in `process'
c:/ruby/lib/ruby/gems/1.8/gems/rails-1.1.4/lib/dispatcher.rb:38:in `dispatch'
c:/ruby/lib/ruby/gems/1.8/gems/rails-1.1.4/lib/webrick_server.rb:115:in `handle_dispatch'
c:/ruby/lib/ruby/gems/1.8/gems/rails-1.1.4/lib/webrick_server.rb:81:in `service'
c:/ruby/lib/ruby/1.8/webrick/httpserver.rb:104:in `service'
c:/ruby/lib/ruby/1.8/webrick/httpserver.rb:65:in `run'
c:/ruby/lib/ruby/1.8/webrick/server.rb:173:in `start_thread'
c:/ruby/lib/ruby/1.8/webrick/server.rb:162:in `start_thread'
c:/ruby/lib/ruby/1.8/webrick/server.rb:95:in `start'
c:/ruby/lib/ruby/1.8/webrick/server.rb:92:in `start'
c:/ruby/lib/ruby/1.8/webrick/server.rb:23:in `start'
c:/ruby/lib/ruby/1.8/webrick/server.rb:82:in `start'
c:/ruby/lib/ruby/gems/1.8/gems/rails-1.1.4/lib/webrick_server.rb:67:in `dispatch'
c:/ruby/lib/ruby/gems/1.8/gems/rails-1.1.4/lib/commands/servers/webrick.rb:59
c:/ruby/lib/ruby/site_ruby/1.8/rubygems/custom_require.rb:27:in `require'
c:/ruby/lib/ruby/gems/1.8/gems/activesupport-1.3.1/lib/active_support/dependencies.rb:147:in `require'
c:/ruby/lib/ruby/gems/1.8/gems/rails-1.1.4/lib/commands/server.rb:30
c:/ruby/lib/ruby/site_ruby/1.8/rubygems/custom_require.rb:27:in `require'
c:/ruby/lib/ruby/gems/1.8/gems/activesupport-1.3.1/lib/active_support/dependencies.rb:147:in `require'
script/server:3


ActionView::TemplateError (compile error
./script/../config/../app/views/say/hello.rhtml:15: syntax error
_erbout.concat "\t\tIt is now "; _erbout.concat(( @time ).to_s); _erbout.concat "\n"
                ^) on line #15 of app/views/say/hello.rhtml:
12: 
13: 		<p>
14: 		<%-- --%>
15: 		It is now <%= @time %>
16: 		</p>
17: 	</body>
18: </html>
    #{RAILS_ROOT}/app/views/say/hello.rhtml:19:in `compile_template'
    c:/ruby/lib/ruby/gems/1.8/gems/actionpack-1.12.3/lib/action_view/base.rb:305:in `compile_and_render_template'
    c:/ruby/lib/ruby/gems/1.8/gems/actionpack-1.12.3/lib/action_view/base.rb:290:in `render_template'
    c:/ruby/lib/ruby/gems/1.8/gems/actionpack-1.12.3/lib/action_view/base.rb:249:in `render_file'
    c:/ruby/lib/ruby/gems/1.8/gems/actionpack-1.12.3/lib/action_controller/base.rb:699:in `render_file'
    c:/ruby/lib/ruby/gems/1.8/gems/actionpack-1.12.3/lib/action_controller/base.rb:621:in `render_with_no_layout'
    c:/ruby/lib/ruby/gems/1.8/gems/actionpack-1.12.3/lib/action_controller/layout.rb:251:in `render_without_benchmark'
    c:/ruby/lib/ruby/gems/1.8/gems/actionpack-1.12.3/lib/action_controller/benchmarking.rb:53:in `render'
    c:/ruby/lib/ruby/1.8/benchmark.rb:293:in `measure'
    c:/ruby/lib/ruby/gems/1.8/gems/actionpack-1.12.3/lib/action_controller/benchmarking.rb:53:in `render'
    c:/ruby/lib/ruby/gems/1.8/gems/actionpack-1.12.3/lib/action_controller/base.rb:911:in `perform_action_without_filters'
    c:/ruby/lib/ruby/gems/1.8/gems/actionpack-1.12.3/lib/action_controller/filters.rb:368:in `perform_action_without_benchmark'
    c:/ruby/lib/ruby/gems/1.8/gems/actionpack-1.12.3/lib/action_controller/benchmarking.rb:69:in `perform_action_without_rescue'
    c:/ruby/lib/ruby/1.8/benchmark.rb:293:in `measure'
    c:/ruby/lib/ruby/gems/1.8/gems/actionpack-1.12.3/lib/action_controller/benchmarking.rb:69:in `perform_action_without_rescue'
    c:/ruby/lib/ruby/gems/1.8/gems/actionpack-1.12.3/lib/action_controller/rescue.rb:82:in `perform_action'
    c:/ruby/lib/ruby/gems/1.8/gems/actionpack-1.12.3/lib/action_controller/base.rb:381:in `process_without_filters'
    c:/ruby/lib/ruby/gems/1.8/gems/actionpack-1.12.3/lib/action_controller/filters.rb:377:in `process_without_session_management_support'
    c:/ruby/lib/ruby/gems/1.8/gems/actionpack-1.12.3/lib/action_controller/session_management.rb:117:in `process'
    c:/ruby/lib/ruby/gems/1.8/gems/rails-1.1.4/lib/dispatcher.rb:38:in `dispatch'
    c:/ruby/lib/ruby/gems/1.8/gems/rails-1.1.4/lib/webrick_server.rb:115:in `handle_dispatch'
    c:/ruby/lib/ruby/gems/1.8/gems/rails-1.1.4/lib/webrick_server.rb:81:in `service'
    c:/ruby/lib/ruby/1.8/webrick/httpserver.rb:104:in `service'
    c:/ruby/lib/ruby/1.8/webrick/httpserver.rb:65:in `run'
    c:/ruby/lib/ruby/1.8/webrick/server.rb:173:in `start_thread'
    c:/ruby/lib/ruby/1.8/webrick/server.rb:162:in `start_thread'
    c:/ruby/lib/ruby/1.8/webrick/server.rb:95:in `start'
    c:/ruby/lib/ruby/1.8/webrick/server.rb:92:in `start'
    c:/ruby/lib/ruby/1.8/webrick/server.rb:23:in `start'
    c:/ruby/lib/ruby/1.8/webrick/server.rb:82:in `start'
    c:/ruby/lib/ruby/gems/1.8/gems/rails-1.1.4/lib/webrick_server.rb:67:in `dispatch'
    c:/ruby/lib/ruby/gems/1.8/gems/rails-1.1.4/lib/commands/servers/webrick.rb:59
    c:/ruby/lib/ruby/site_ruby/1.8/rubygems/custom_require.rb:27:in `require'
    c:/ruby/lib/ruby/gems/1.8/gems/activesupport-1.3.1/lib/active_support/dependencies.rb:147:in `require'
    c:/ruby/lib/ruby/gems/1.8/gems/rails-1.1.4/lib/commands/server.rb:30
    c:/ruby/lib/ruby/site_ruby/1.8/rubygems/custom_require.rb:27:in `require'
    c:/ruby/lib/ruby/gems/1.8/gems/activesupport-1.3.1/lib/active_support/dependencies.rb:147:in `require'
    script/server:3


Rendering c:/ruby/lib/ruby/gems/1.8/gems/actionpack-1.12.3/lib/action_controller/templates/rescues/layout.rhtml (500 Internal Error)


Processing SayController#hello (for 127.0.0.1 at 2006-07-25 15:10:57) [GET]
  Session ID: 0e2833e7fd7dffdc9aff86ad24e990a4
  Parameters: {"action"=>"hello", "controller"=>"say"}
Rendering say/hello
Completed in 0.00010 (10000 reqs/sec) | Rendering: 0.00000 (0%) | 200 OK [http://localhost/say/hello]


Processing SayController#goodbye (for 127.0.0.1 at 2006-07-25 20:00:29) [GET]
  Session ID: 0e2833e7fd7dffdc9aff86ad24e990a4
  Parameters: {"action"=>"goodbye", "controller"=>"say"}
Rendering say/goodbye
Completed in 0.00010 (10000 reqs/sec) | Rendering: 0.00000 (0%) | 200 OK [http://localhost/say/goodbye]


Processing SayController#hello (for 127.0.0.1 at 2006-07-25 20:01:18) [GET]
  Session ID: 0e2833e7fd7dffdc9aff86ad24e990a4
  Parameters: {"action"=>"hello", "controller"=>"say"}
Rendering say/hello
Completed in 0.01000 (100 reqs/sec) | Rendering: 0.00000 (0%) | 200 OK [http://localhost/say/hello]


Processing SayController#goodbye (for 127.0.0.1 at 2006-07-25 20:01:22) [GET]
  Session ID: 0e2833e7fd7dffdc9aff86ad24e990a4
  Parameters: {"action"=>"goodbye", "controller"=>"say"}
Rendering say/goodbye
Completed in 0.01000 (100 reqs/sec) | Rendering: 0.00000 (0%) | 200 OK [http://localhost/say/goodbye]


Processing SayController#goodbye (for 127.0.0.1 at 2006-07-25 20:02:28) [GET]
  Session ID: 0e2833e7fd7dffdc9aff86ad24e990a4
  Parameters: {"action"=>"goodbye", "controller"=>"say"}
Rendering say/goodbye
Completed in 0.01000 (100 reqs/sec) | Rendering: 0.00000 (0%) | 200 OK [http://localhost/say/goodbye]


Processing SayController#hello (for 127.0.0.1 at 2006-07-25 20:02:34) [GET]
  Session ID: 0e2833e7fd7dffdc9aff86ad24e990a4
  Parameters: {"action"=>"hello", "controller"=>"say"}
Rendering say/hello
Completed in 0.01000 (100 reqs/sec) | Rendering: 0.00000 (0%) | 200 OK [http://localhost/say/hello]


Processing SayController#goodbye (for 127.0.0.1 at 2006-07-25 20:02:36) [GET]
  Session ID: 0e2833e7fd7dffdc9aff86ad24e990a4
  Parameters: {"action"=>"goodbye", "controller"=>"say"}
Rendering say/goodbye
Completed in 0.01000 (99 reqs/sec) | Rendering: 0.00000 (0%) | 200 OK [http://localhost/say/goodbye]


Processing SayController#goodbye (for 127.0.0.1 at 2006-07-25 20:02:42) [GET]
  Session ID: 0e2833e7fd7dffdc9aff86ad24e990a4
  Parameters: {"action"=>"goodbye", "controller"=>"say"}
Rendering say/goodbye
Completed in 0.01000 (100 reqs/sec) | Rendering: 0.01000 (100%) | 200 OK [http://localhost/say/goodbye]


Processing SayController#hello (for 127.0.0.1 at 2006-07-25 20:02:43) [GET]
  Session ID: 0e2833e7fd7dffdc9aff86ad24e990a4
  Parameters: {"action"=>"hello", "controller"=>"say"}
Rendering say/hello
Completed in 0.01000 (100 reqs/sec) | Rendering: 0.00000 (0%) | 200 OK [http://localhost/say/hello]


Processing SayController#goodbye (for 127.0.0.1 at 2006-07-25 20:02:45) [GET]
  Session ID: 0e2833e7fd7dffdc9aff86ad24e990a4
  Parameters: {"action"=>"goodbye", "controller"=>"say"}
Rendering say/goodbye
Completed in 0.01000 (100 reqs/sec) | Rendering: 0.01000 (100%) | 200 OK [http://localhost/say/goodbye]


Processing SayController#hello (for 127.0.0.1 at 2006-07-25 20:02:48) [GET]
  Session ID: 0e2833e7fd7dffdc9aff86ad24e990a4
  Parameters: {"action"=>"hello", "controller"=>"say"}
Rendering say/hello
Completed in 0.01000 (100 reqs/sec) | Rendering: 0.00000 (0%) | 200 OK [http://localhost/say/hello]


Processing SayController#goodbye (for 127.0.0.1 at 2006-07-25 20:02:51) [GET]
  Session ID: 0e2833e7fd7dffdc9aff86ad24e990a4
  Parameters: {"action"=>"goodbye", "controller"=>"say"}
Rendering say/goodbye
Completed in 0.00010 (10000 reqs/sec) | Rendering: 0.00000 (0%) | 200 OK [http://localhost/say/goodbye]
