  [4;36;1mSQL (0.028000)[0m   [0;1mCREATE TABLE schema_info (version integer)[0m
  [4;35;1mSQL (0.047000)[0m   [0mINSERT INTO schema_info (version) VALUES(0)[0m
  [4;36;1mSQL (0.000000)[0m   [0;1mActiveRecord::ActiveRecordError: Table/View 'SCHEMA_INFO' already exists in Schema 'SA'.: CREATE TABLE schema_info (version integer)[0m
  [4;35;1mSQL (0.011000)[0m   [0mSELECT * FROM schema_info[0m
  [4;36;1mSQL (0.029000)[0m   [0;1mCREATE TABLE schema_info (version integer)[0m
  [4;35;1mSQL (0.044000)[0m   [0mINSERT INTO schema_info (version) VALUES(0)[0m
  [4;36;1mSQL (0.000000)[0m   [0;1mActiveRecord::ActiveRecordError: Table/View 'SCHEMA_INFO' already exists in Schema 'SA'.: CREATE TABLE schema_info (version integer)[0m
  [4;35;1mSQL (0.012000)[0m   [0mSELECT * FROM schema_info[0m


Processing InfoController#properties (for 192.168.1.10 at 2008-04-21 13:59:37) [GET]
  Session ID: 45a5d7ed2d3793a8b97cbff1a7b7c4a8
  Parameters: {"controller"=>"rails/info", "action"=>"properties"}
Completed in 0.01000 (100 reqs/sec) | Rendering: 0.00100 (9%) | DB: 0.00000 (0%) | 500 Internal Server Error [http://localhost/rails/info/properties]
  [4;36;1mSQL (0.000000)[0m   [0;1mActiveRecord::ActiveRecordError: Table/View 'SCHEMA_INFO' already exists in Schema 'SA'.: CREATE TABLE schema_info (version integer)[0m
  [4;35;1mSQL (0.000000)[0m   [0mActiveRecord::ActiveRecordError: Table/View 'SCHEMA_INFO' already exists in Schema 'SA'.: CREATE TABLE schema_info (version integer)[0m
  [4;36;1mSQL (0.255000)[0m   [0;1mSELECT * FROM schema_info[0m
  [4;36;1mSQL (0.000000)[0m   [0;1mActiveRecord::ActiveRecordError: Table/View 'SCHEMA_INFO' already exists in Schema 'SA'.: CREATE TABLE schema_info (version integer)[0m
  [4;35;1mSQL (0.000000)[0m   [0mActiveRecord::ActiveRecordError: Table/View 'SCHEMA_INFO' already exists in Schema 'SA'.: CREATE TABLE schema_info (version integer)[0m
  [4;36;1mSQL (0.253000)[0m   [0;1mSELECT version FROM schema_info[0m
Migrating to CreateProducts (1)
  [4;35;1mSQL (0.085000)[0m   [0mCREATE TABLE products (id int generated by default as identity NOT NULL PRIMARY KEY, name varchar(256) DEFAULT NULL, description clob DEFAULT NULL, created_at timestamp DEFAULT NULL, updated_at timestamp DEFAULT NULL) [0m
  [4;36;1mSQL (0.069000)[0m   [0;1mUPDATE schema_info SET version = 1[0m
  [4;35;1mSQL (0.006000)[0m   [0mSELECT * FROM schema_info[0m


Processing ProductsController#index (for 192.168.1.10 at 2008-04-21 14:26:04) [GET]
  Session ID: BAh7BiIKZmxhc2hJQzonQWN0aW9uQ29udHJvbGxlcjo6Rmxhc2g6OkZsYXNo%0ASGFzaHsABjoKQHVzZWR7AA%3D%3D--aec1ed4cab52cc74419cd21742abe222e6162e82
  Parameters: {"controller"=>"products", "action"=>"index"}
  [4;36;1mProduct Load (0.306000)[0m   [0;1mSELECT * FROM products [0m
Rendering template within layouts/products
Rendering products/index
Completed in 0.39700 (2 reqs/sec) | Rendering: 0.06800 (17%) | DB: 0.30600 (77%) | 200 OK [http://localhost/products]


Processing ProductsController#new (for 192.168.1.10 at 2008-04-21 14:26:09) [GET]
  Session ID: BAh7BiIKZmxhc2hJQzonQWN0aW9uQ29udHJvbGxlcjo6Rmxhc2g6OkZsYXNo%0ASGFzaHsABjoKQHVzZWR7AA%3D%3D--aec1ed4cab52cc74419cd21742abe222e6162e82
  Parameters: {"controller"=>"products", "action"=>"new"}
Rendering template within layouts/products
Rendering products/new
Completed in 0.12400 (8 reqs/sec) | Rendering: 0.02800 (22%) | DB: 0.00000 (0%) | 200 OK [http://localhost/products/new]


Processing ProductsController#create (for 192.168.1.10 at 2008-04-21 14:26:54) [POST]
  Session ID: BAh7ByIKZmxhc2hJQzonQWN0aW9uQ29udHJvbGxlcjo6Rmxhc2g6OkZsYXNo%0ASGFzaHsABjoKQHVzZWR7ADoMY3NyZl9pZCIlOTE0NTQ3ZjJmM2ZlZjU4ZmYy%0ANGI2YWRlODJhOGQ0MDg%3D--32140cdb3f0f8686622b975621abad53c0ab662f
  Parameters: {"authenticity_token"=>"276a44cb53dfa1332eb237158256ac449dae79b1", "product"=>{"name"=>"Specialized Stump Jumper 2008", "description"=>"MTB"}, "commit"=>"Create", "controller"=>"products", "action"=>"create"}
  [4;35;1mSQL (0.076000)[0m   [0mINSERT INTO products (created_at, description, name, updated_at) VALUES('2008-04-21 14:26:54', CAST('MTB' AS CLOB), 'Specialized Stump Jumper 2008', '2008-04-21 14:26:54')[0m
Redirected to http://localhost:23000/products/1
Completed in 0.15100 (6 reqs/sec) | DB: 0.07600 (50%) | 302 Found [http://localhost/products]


Processing ProductsController#show (for 192.168.1.10 at 2008-04-21 14:26:55) [GET]
  Session ID: BAh7ByIKZmxhc2hJQzonQWN0aW9uQ29udHJvbGxlcjo6Rmxhc2g6OkZsYXNo%0ASGFzaHsGOgtub3RpY2UiJlByb2R1Y3Qgd2FzIHN1Y2Nlc3NmdWxseSBjcmVh%0AdGVkLgY6CkB1c2VkewY7BlQ6DGNzcmZfaWQiJTkxNDU0N2YyZjNmZWY1OGZm%0AMjRiNmFkZTgyYThkNDA4--e5b5f4aa5f85e7eff17efc19cb802347260fffab
  Parameters: {"controller"=>"products", "action"=>"show", "id"=>"1"}
  [4;36;1mProduct Load (0.023000)[0m   [0;1mSELECT * FROM products WHERE (products.id = 1) [0m
Rendering template within layouts/products
Rendering products/show
Completed in 0.08500 (11 reqs/sec) | Rendering: 0.02200 (25%) | DB: 0.02300 (27%) | 200 OK [http://localhost/products/1]


Processing ProductsController#edit (for 192.168.1.10 at 2008-04-21 14:27:01) [GET]
  Session ID: BAh7ByIKZmxhc2hJQzonQWN0aW9uQ29udHJvbGxlcjo6Rmxhc2g6OkZsYXNo%0ASGFzaHsABjoKQHVzZWR7ADoMY3NyZl9pZCIlOTE0NTQ3ZjJmM2ZlZjU4ZmYy%0ANGI2YWRlODJhOGQ0MDg%3D--32140cdb3f0f8686622b975621abad53c0ab662f
  Parameters: {"controller"=>"products", "action"=>"edit", "id"=>"1"}
  [4;35;1mProduct Load (0.000000)[0m   [0mSELECT * FROM products WHERE (products.id = 1) [0m
Rendering template within layouts/products
Rendering products/edit
Completed in 0.08200 (12 reqs/sec) | Rendering: 0.03800 (46%) | DB: 0.00000 (0%) | 200 OK [http://localhost/products/1/edit]


Processing ProductsController#update (for 192.168.1.10 at 2008-04-21 14:27:19) [PUT]
  Session ID: BAh7ByIKZmxhc2hJQzonQWN0aW9uQ29udHJvbGxlcjo6Rmxhc2g6OkZsYXNo%0ASGFzaHsABjoKQHVzZWR7ADoMY3NyZl9pZCIlOTE0NTQ3ZjJmM2ZlZjU4ZmYy%0ANGI2YWRlODJhOGQ0MDg%3D--32140cdb3f0f8686622b975621abad53c0ab662f
  Parameters: {"_method"=>"put", "authenticity_token"=>"276a44cb53dfa1332eb237158256ac449dae79b1", "product"=>{"name"=>"Specialized Stump Jumper 2008", "description"=>"Mid range price/performance mountain bike"}, "commit"=>"Update", "controller"=>"products", "action"=>"update", "id"=>"1"}
  [4;36;1mProduct Load (0.001000)[0m   [0;1mSELECT * FROM products WHERE (products.id = 1) [0m
  [4;35;1mProduct Update (0.030000)[0m   [0mUPDATE products SET created_at = '2008-04-21 14:26:54', description = CAST('Mid range price/performance mountain bike' AS CLOB), name = 'Specialized Stump Jumper 2008', updated_at = '2008-04-21 14:27:19' WHERE id = 1[0m
Redirected to http://localhost:23000/products/1
Completed in 0.08200 (12 reqs/sec) | DB: 0.03100 (37%) | 302 Found [http://localhost/products/1]


Processing ProductsController#show (for 192.168.1.10 at 2008-04-21 14:27:19) [GET]
  Session ID: BAh7ByIKZmxhc2hJQzonQWN0aW9uQ29udHJvbGxlcjo6Rmxhc2g6OkZsYXNo%0ASGFzaHsGOgtub3RpY2UiJlByb2R1Y3Qgd2FzIHN1Y2Nlc3NmdWxseSB1cGRh%0AdGVkLgY6CkB1c2VkewY7BlQ6DGNzcmZfaWQiJTkxNDU0N2YyZjNmZWY1OGZm%0AMjRiNmFkZTgyYThkNDA4--74648c412195658fe7240a82854a182d5275d409
  Parameters: {"controller"=>"products", "action"=>"show", "id"=>"1"}
  [4;36;1mProduct Load (0.000000)[0m   [0;1mSELECT * FROM products WHERE (products.id = 1) [0m
Rendering template within layouts/products
Rendering products/show
Completed in 0.03500 (28 reqs/sec) | Rendering: 0.01100 (31%) | DB: 0.00000 (0%) | 200 OK [http://localhost/products/1]


Processing ProductsController#index (for 192.168.1.10 at 2008-04-21 14:27:22) [GET]
  Session ID: BAh7ByIKZmxhc2hJQzonQWN0aW9uQ29udHJvbGxlcjo6Rmxhc2g6OkZsYXNo%0ASGFzaHsABjoKQHVzZWR7ADoMY3NyZl9pZCIlOTE0NTQ3ZjJmM2ZlZjU4ZmYy%0ANGI2YWRlODJhOGQ0MDg%3D--32140cdb3f0f8686622b975621abad53c0ab662f
  Parameters: {"controller"=>"products", "action"=>"index"}
  [4;35;1mProduct Load (0.001000)[0m   [0mSELECT * FROM products [0m
Rendering template within layouts/products
Rendering products/index
Completed in 0.05300 (18 reqs/sec) | Rendering: 0.02600 (49%) | DB: 0.00100 (1%) | 200 OK [http://localhost/products]


Processing ProductsController#index (for 192.168.1.10 at 2008-04-21 14:30:21) [GET]
  Session ID: BAh7ByIKZmxhc2hJQzonQWN0aW9uQ29udHJvbGxlcjo6Rmxhc2g6OkZsYXNo%0ASGFzaHsABjoKQHVzZWR7ADoMY3NyZl9pZCIlOTE0NTQ3ZjJmM2ZlZjU4ZmYy%0ANGI2YWRlODJhOGQ0MDg%3D--32140cdb3f0f8686622b975621abad53c0ab662f
  Parameters: {"controller"=>"products", "action"=>"index"}
  [4;36;1mProduct Load (0.299000)[0m   [0;1mSELECT * FROM products [0m
Rendering template within layouts/products
Rendering products/index
Completed in 0.44100 (2 reqs/sec) | Rendering: 0.11000 (24%) | DB: 0.29900 (67%) | 200 OK [http://localhost/products]


Processing ProductsController#show (for 192.168.1.10 at 2008-04-21 14:30:26) [GET]
  Session ID: BAh7ByIKZmxhc2hJQzonQWN0aW9uQ29udHJvbGxlcjo6Rmxhc2g6OkZsYXNo%0ASGFzaHsABjoKQHVzZWR7ADoMY3NyZl9pZCIlOTE0NTQ3ZjJmM2ZlZjU4ZmYy%0ANGI2YWRlODJhOGQ0MDg%3D--32140cdb3f0f8686622b975621abad53c0ab662f
  Parameters: {"controller"=>"products", "action"=>"show", "id"=>"1"}
  [4;35;1mProduct Load (0.032000)[0m   [0mSELECT * FROM products WHERE (products.id = 1) [0m
Rendering template within layouts/products
Rendering products/show
Completed in 0.09000 (11 reqs/sec) | Rendering: 0.02400 (26%) | DB: 0.03200 (35%) | 200 OK [http://localhost/products/1]
  [4;36;1mSQL (0.000000)[0m   [0;1mActiveRecord::ActiveRecordError: Table/View 'SCHEMA_INFO' already exists in Schema 'SA'.: CREATE TABLE schema_info (version integer)[0m
  [4;35;1mSQL (0.000000)[0m   [0mActiveRecord::ActiveRecordError: Table/View 'SCHEMA_INFO' already exists in Schema 'SA'.: CREATE TABLE schema_info (version integer)[0m
  [4;36;1mSQL (0.269000)[0m   [0;1mSELECT version FROM schema_info[0m
  [4;35;1mSQL (0.005000)[0m   [0mSELECT * FROM schema_info[0m
  [4;36;1mSQL (0.000000)[0m   [0;1mActiveRecord::ActiveRecordError: Table/View 'SCHEMA_INFO' already exists in Schema 'SA'.: CREATE TABLE schema_info (version integer)[0m
  [4;35;1mSQL (0.000000)[0m   [0mActiveRecord::ActiveRecordError: Table/View 'SCHEMA_INFO' already exists in Schema 'SA'.: CREATE TABLE schema_info (version integer)[0m
  [4;36;1mSQL (0.256000)[0m   [0;1mSELECT version FROM schema_info[0m
  [4;35;1mSQL (0.005000)[0m   [0mSELECT * FROM schema_info[0m
